<?xml version="1.0" encoding="UTF-8"?>
<!-- Generated by org.testng.reporters.JUnitXMLReporter -->
<testsuite ignored="0" hostname="DESKTOP-6AQI6HB" failures="0" tests="11" name="Default test" time="31.118" errors="0" timestamp="27 Apr 2020 00:22:10 GMT">
  <testcase classname="ZBBasics.ZBTestCases" name="transferFunds" time="2.313"/>
  <testcase classname="ZBBasics.ZBTestCases" name="transferFunds" time="1.936"/>
  <testcase classname="ZBBasics.ZBTestCases" name="transferFunds" time="3.386"/>
  <testcase classname="ZBBasics.ZBTestCases" name="billPayment" time="2.567"/>
  <testcase classname="ZBBasics.ZBTestCases" name="billPayment" time="2.145"/>
  <testcase classname="ZBBasics.ZBTestCases" name="billPayment" time="1.904"/>
  <testcase classname="ZBBasics.ZBTestCases" name="addNewPayee" time="2.013"/>
  <testcase classname="ZBBasics.ZBTestCases" name="addNewPayee" time="1.96"/>
  <testcase classname="ZBBasics.ZBTestCases" name="purchaseCurrency" time="1.56"/>
  <testcase classname="ZBBasics.ZBTestCases" name="purchaseCurrency" time="1.357"/>
  <testcase classname="ZBBasics.ZBTestCases" name="findTransaction" time="1.871"/>
</testsuite> <!-- Default test -->
