<?xml version="1.0" encoding="UTF-8"?>
<testng-results ignored="0" total="11" passed="11" failed="0" skipped="0">
  <reporter-output>
  </reporter-output>
  <suite started-at="2020-05-18T20:20:21Z" name="Regression suite" finished-at="2020-05-18T20:21:05Z" duration-ms="43255">
    <groups>
    </groups>
    <test started-at="2020-05-18T20:20:21Z" name="Zero bank e2e test" finished-at="2020-05-18T20:21:05Z" duration-ms="43255">
      <class name="ZBBasics.ZBTestCases">
        <test-method is-config="true" signature="setUp()[pri:0, instance:ZBBasics.ZBTestCases@46f699d5]" started-at="2020-05-18T16:20:21Z" name="setUp" finished-at="2020-05-18T16:20:26Z" duration-ms="4845" status="PASS">
          <reporter-output>
          </reporter-output>
        </test-method> <!-- setUp -->
        <test-method signature="transferFunds(java.lang.String, java.lang.String, java.lang.String, java.lang.String)[pri:1, instance:ZBBasics.ZBTestCases@46f699d5]" started-at="2020-05-18T16:20:36Z" name="transferFunds" data-provider="getTFTestData" finished-at="2020-05-18T16:20:39Z" duration-ms="3228" status="PASS">
          <params>
            <param index="0">
              <value>
                <![CDATA[2.0]]>
              </value>
            </param>
            <param index="1">
              <value>
                <![CDATA[3.0]]>
              </value>
            </param>
            <param index="2">
              <value>
                <![CDATA[51.0]]>
              </value>
            </param>
            <param index="3">
              <value>
                <![CDATA[Test Transfer 1]]>
              </value>
            </param>
          </params>
          <reporter-output>
          </reporter-output>
        </test-method> <!-- transferFunds -->
        <test-method signature="transferFunds(java.lang.String, java.lang.String, java.lang.String, java.lang.String)[pri:1, instance:ZBBasics.ZBTestCases@46f699d5]" started-at="2020-05-18T16:20:39Z" name="transferFunds" data-provider="getTFTestData" finished-at="2020-05-18T16:20:42Z" duration-ms="2321" status="PASS">
          <params>
            <param index="0">
              <value>
                <![CDATA[1.0]]>
              </value>
            </param>
            <param index="1">
              <value>
                <![CDATA[5.0]]>
              </value>
            </param>
            <param index="2">
              <value>
                <![CDATA[12.0]]>
              </value>
            </param>
            <param index="3">
              <value>
                <![CDATA[Test Transfer 2]]>
              </value>
            </param>
          </params>
          <reporter-output>
          </reporter-output>
        </test-method> <!-- transferFunds -->
        <test-method signature="transferFunds(java.lang.String, java.lang.String, java.lang.String, java.lang.String)[pri:1, instance:ZBBasics.ZBTestCases@46f699d5]" started-at="2020-05-18T16:20:42Z" name="transferFunds" data-provider="getTFTestData" finished-at="2020-05-18T16:20:44Z" duration-ms="2347" status="PASS">
          <params>
            <param index="0">
              <value>
                <![CDATA[3.0]]>
              </value>
            </param>
            <param index="1">
              <value>
                <![CDATA[6.0]]>
              </value>
            </param>
            <param index="2">
              <value>
                <![CDATA[24.0]]>
              </value>
            </param>
            <param index="3">
              <value>
                <![CDATA[Test Transfer 3]]>
              </value>
            </param>
          </params>
          <reporter-output>
          </reporter-output>
        </test-method> <!-- transferFunds -->
        <test-method signature="billPayment(java.lang.String, java.lang.String, java.lang.String, java.lang.String, java.lang.String)[pri:2, instance:ZBBasics.ZBTestCases@46f699d5]" started-at="2020-05-18T16:20:44Z" name="billPayment" data-provider="getPBTestData" finished-at="2020-05-18T16:20:47Z" duration-ms="2631" status="PASS">
          <params>
            <param index="0">
              <value>
                <![CDATA[Sprint]]>
              </value>
            </param>
            <param index="1">
              <value>
                <![CDATA[Savings]]>
              </value>
            </param>
            <param index="2">
              <value>
                <![CDATA[1.0]]>
              </value>
            </param>
            <param index="3">
              <value>
                <![CDATA[2020-04-22]]>
              </value>
            </param>
            <param index="4">
              <value>
                <![CDATA[Test Transfer 1]]>
              </value>
            </param>
          </params>
          <reporter-output>
          </reporter-output>
        </test-method> <!-- billPayment -->
        <test-method signature="billPayment(java.lang.String, java.lang.String, java.lang.String, java.lang.String, java.lang.String)[pri:2, instance:ZBBasics.ZBTestCases@46f699d5]" started-at="2020-05-18T16:20:47Z" name="billPayment" data-provider="getPBTestData" finished-at="2020-05-18T16:20:49Z" duration-ms="1921" status="PASS">
          <params>
            <param index="0">
              <value>
                <![CDATA[Apple]]>
              </value>
            </param>
            <param index="1">
              <value>
                <![CDATA[Checking]]>
              </value>
            </param>
            <param index="2">
              <value>
                <![CDATA[2.0]]>
              </value>
            </param>
            <param index="3">
              <value>
                <![CDATA[2020-04-22]]>
              </value>
            </param>
            <param index="4">
              <value>
                <![CDATA[Test Transfer 2]]>
              </value>
            </param>
          </params>
          <reporter-output>
          </reporter-output>
        </test-method> <!-- billPayment -->
        <test-method signature="billPayment(java.lang.String, java.lang.String, java.lang.String, java.lang.String, java.lang.String)[pri:2, instance:ZBBasics.ZBTestCases@46f699d5]" started-at="2020-05-18T16:20:49Z" name="billPayment" data-provider="getPBTestData" finished-at="2020-05-18T16:20:51Z" duration-ms="2434" status="PASS">
          <params>
            <param index="0">
              <value>
                <![CDATA[Wells Fargo]]>
              </value>
            </param>
            <param index="1">
              <value>
                <![CDATA[Credit Card]]>
              </value>
            </param>
            <param index="2">
              <value>
                <![CDATA[3.0]]>
              </value>
            </param>
            <param index="3">
              <value>
                <![CDATA[2020-04-22]]>
              </value>
            </param>
            <param index="4">
              <value>
                <![CDATA[Test Transfer 3]]>
              </value>
            </param>
          </params>
          <reporter-output>
          </reporter-output>
        </test-method> <!-- billPayment -->
        <test-method signature="addNewPayee(java.lang.String, java.lang.String, java.lang.String, java.lang.String)[pri:3, instance:ZBBasics.ZBTestCases@46f699d5]" started-at="2020-05-18T16:20:51Z" name="addNewPayee" data-provider="getANPTestData" finished-at="2020-05-18T16:20:54Z" duration-ms="2561" status="PASS">
          <params>
            <param index="0">
              <value>
                <![CDATA[Hydro Quebec]]>
              </value>
            </param>
            <param index="1">
              <value>
                <![CDATA[2555 Boulevard Cote Vertu
Montreal, Quebec
H4R 1Z6]]>
              </value>
            </param>
            <param index="2">
              <value>
                <![CDATA[Savings]]>
              </value>
            </param>
            <param index="3">
              <value>
                <![CDATA[Electricity Department]]>
              </value>
            </param>
          </params>
          <reporter-output>
          </reporter-output>
        </test-method> <!-- addNewPayee -->
        <test-method signature="addNewPayee(java.lang.String, java.lang.String, java.lang.String, java.lang.String)[pri:3, instance:ZBBasics.ZBTestCases@46f699d5]" started-at="2020-05-18T16:20:54Z" name="addNewPayee" data-provider="getANPTestData" finished-at="2020-05-18T16:20:56Z" duration-ms="2283" status="PASS">
          <params>
            <param index="0">
              <value>
                <![CDATA[Bell Telecommunications]]>
              </value>
            </param>
            <param index="1">
              <value>
                <![CDATA[2141 Rue Montgomery
Montreal, Quebec
H2K 2R7]]>
              </value>
            </param>
            <param index="2">
              <value>
                <![CDATA[Current]]>
              </value>
            </param>
            <param index="3">
              <value>
                <![CDATA[Telephone Department]]>
              </value>
            </param>
          </params>
          <reporter-output>
          </reporter-output>
        </test-method> <!-- addNewPayee -->
        <test-method signature="purchaseCurrency(java.lang.String, java.lang.String, java.lang.String)[pri:4, instance:ZBBasics.ZBTestCases@46f699d5]" started-at="2020-05-18T16:20:56Z" name="purchaseCurrency" data-provider="getPFCTestData" finished-at="2020-05-18T16:20:58Z" duration-ms="2203" status="PASS">
          <params>
            <param index="0">
              <value>
                <![CDATA[AUD]]>
              </value>
            </param>
            <param index="1">
              <value>
                <![CDATA[AUD]]>
              </value>
            </param>
            <param index="2">
              <value>
                <![CDATA[10.0]]>
              </value>
            </param>
          </params>
          <reporter-output>
          </reporter-output>
        </test-method> <!-- purchaseCurrency -->
        <test-method signature="purchaseCurrency(java.lang.String, java.lang.String, java.lang.String)[pri:4, instance:ZBBasics.ZBTestCases@46f699d5]" started-at="2020-05-18T16:20:58Z" name="purchaseCurrency" data-provider="getPFCTestData" finished-at="2020-05-18T16:21:00Z" duration-ms="1708" status="PASS">
          <params>
            <param index="0">
              <value>
                <![CDATA[CAD]]>
              </value>
            </param>
            <param index="1">
              <value>
                <![CDATA[USD]]>
              </value>
            </param>
            <param index="2">
              <value>
                <![CDATA[15.0]]>
              </value>
            </param>
          </params>
          <reporter-output>
          </reporter-output>
        </test-method> <!-- purchaseCurrency -->
        <test-method signature="findTransaction(java.lang.String, java.lang.String, java.lang.String, java.lang.String, java.lang.String)[pri:5, instance:ZBBasics.ZBTestCases@46f699d5]" started-at="2020-05-18T16:21:00Z" name="findTransaction" data-provider="getFTTestData" finished-at="2020-05-18T16:21:03Z" duration-ms="2710" status="PASS">
          <params>
            <param index="0">
              <value>
                <![CDATA[OFFICE SUPPLY]]>
              </value>
            </param>
            <param index="1">
              <value>
                <![CDATA[2012-09-03]]>
              </value>
            </param>
            <param index="2">
              <value>
                <![CDATA[2012-09-08]]>
              </value>
            </param>
            <param index="3">
              <value>
                <![CDATA[10.0]]>
              </value>
            </param>
            <param index="4">
              <value>
                <![CDATA[1000.0]]>
              </value>
            </param>
          </params>
          <reporter-output>
          </reporter-output>
        </test-method> <!-- findTransaction -->
        <test-method is-config="true" signature="tearDown()[pri:0, instance:ZBBasics.ZBTestCases@46f699d5]" started-at="2020-05-18T16:21:03Z" name="tearDown" finished-at="2020-05-18T16:21:05Z" duration-ms="1646" status="PASS">
          <reporter-output>
          </reporter-output>
        </test-method> <!-- tearDown -->
      </class> <!-- ZBBasics.ZBTestCases -->
    </test> <!-- Zero bank e2e test -->
  </suite> <!-- Regression suite -->
</testng-results>
